<error>
<checker>MOLINT.TAINTED.ARRAY.INDEX</checker>
<domain>STATIC_C</domain>
<file>/media/newdrive/llvm3.6/Test-code/php-5.6.16/Zend/zend_strtod.c</file>
<function>zend_strtod</function>
<score>100</score>
<ordered>false</ordered>
<event>
<main>true</main>
<tag>Error</tag>
<description>
		Array expression: tens[e]
		needs bound checking:
		e &lt; 23;
		in Current Function
		</description>
<line>2212</line>
</event>
<extra>none</extra>
<subcategory>none</subcategory>
</error>
<error>
<checker>MOLINT.TAINTED.ARRAY.INDEX</checker>
<domain>STATIC_C</domain>
<file>/media/newdrive/llvm3.6/Test-code/php-5.6.16/Zend/zend_alloc.c</file>
<function>_zend_mm_free_int</function>
<score>100</score>
<ordered>false</ordered>
<event>
<main>true</main>
<tag>Error</tag>
<description>
		Array expression: heap-&gt;cache[index]
		needs bound checking:
		index &lt; 32;
		stack:
		_zend_mm_free_int
		</description>
<line>2085</line>
</event>
<extra>none</extra>
<subcategory>none</subcategory>
</error>
<error>
<checker>MOLINT.TAINTED.ARRAY.INDEX</checker>
<domain>STATIC_C</domain>
<file>/media/newdrive/llvm3.6/Test-code/php-5.6.16/Zend/zend_alloc.c</file>
<function>_zend_mm_alloc_int</function>
<score>100</score>
<ordered>false</ordered>
<event>
<main>true</main>
<tag>Error</tag>
<description>
		Array expression: heap-&gt;cache[index]
		needs bound checking:
		index &lt; 32;
		stack:
		_zend_mm_alloc_int
		</description>
<line>1909</line>
</event>
<extra>none</extra>
<subcategory>none</subcategory>
</error>
<error>
<checker>MOLINT.TAINTED.ARRAY.INDEX</checker>
<domain>STATIC_C</domain>
<file>/media/newdrive/llvm3.6/Test-code/php-5.6.16/Zend/zend_vm_opcodes.c</file>
<function>zend_get_opcode_name</function>
<score>100</score>
<ordered>false</ordered>
<event>
<main>true</main>
<tag>Error</tag>
<description>
		Array expression: zend_vm_opcodes_map[opcode]
		needs bound checking:
		opcode &lt; 168;
		stack:
		zend_get_opcode_name
		</description>
<line>196</line>
</event>
<extra>none</extra>
<subcategory>none</subcategory>
</error>
<error>
<checker>MOLINT.TAINTED.ARRAY.INDEX</checker>
<domain>STATIC_C</domain>
<file>/media/newdrive/llvm3.6/Test-code/php-5.6.16/Zend/zend_execute.c</file>
<function>zend_set_user_opcode_handler</function>
<score>100</score>
<ordered>false</ordered>
<event>
<main>true</main>
<tag>Error</tag>
<description>
		Array expression: zend_user_opcode_handlers[opcode]
		needs bound checking:
		opcode &lt; 256;
		stack:
		zend_set_user_opcode_handler
		</description>
<line>1809</line>
</event>
<extra>none</extra>
<subcategory>none</subcategory>
</error>
<error>
<checker>MOLINT.TAINTED.ARRAY.INDEX</checker>
<domain>STATIC_C</domain>
<file>/media/newdrive/llvm3.6/Test-code/php-5.6.16/Zend/zend_execute.c</file>
<function>zend_set_user_opcode_handler</function>
<score>100</score>
<ordered>false</ordered>
<event>
<main>true</main>
<tag>Error</tag>
<description>
		Array expression: zend_user_opcodes[opcode]
		needs bound checking:
		opcode &lt; 256;
		stack:
		zend_set_user_opcode_handler
		</description>
<line>1807</line>
</event>
<extra>none</extra>
<subcategory>none</subcategory>
</error>
<error>
<checker>MOLINT.TAINTED.ARRAY.INDEX</checker>
<domain>STATIC_C</domain>
<file>/media/newdrive/llvm3.6/Test-code/php-5.6.16/Zend/zend_execute.c</file>
<function>zend_get_user_opcode_handler</function>
<score>100</score>
<ordered>false</ordered>
<event>
<main>true</main>
<tag>Error</tag>
<description>
		Array expression: zend_user_opcode_handlers[opcode]
		needs bound checking:
		opcode &lt; 256;
		stack:
		zend_get_user_opcode_handler
		</description>
<line>1817</line>
</event>
<extra>none</extra>
<subcategory>none</subcategory>
</error>
<error>
<checker>MOLINT.TAINTED.ARRAY.INDEX</checker>
<domain>STATIC_C</domain>
<file>/media/newdrive/llvm3.6/Test-code/php-5.6.16/Zend/zend_execute_API.c</file>
<function>zend_verify_abstract_class_function</function>
<score>100</score>
<ordered>false</ordered>
<event>
<main>true</main>
<tag>Error</tag>
<description>
		Array expression: ai-&gt;afn[ai-&gt;cnt]
		needs bound checking:
		ai-&gt;cnt &gt;= 0;
		stack:
		zend_verify_abstract_class_function
		</description>
<line>1451</line>
</event>
<extra>none</extra>
<subcategory>none</subcategory>
</error>
<error>
<checker>MOLINT.TAINTED.ARRAY.INDEX</checker>
<domain>STATIC_C</domain>
<file>/media/newdrive/llvm3.6/Test-code/php-5.6.16/Zend/zend_virtual_cwd.c</file>
<function>realpath_cache_find</function>
<score>100</score>
<ordered>false</ordered>
<event>
<main>true</main>
<tag>Error</tag>
<description>
		Array expression: (cwd_globals.realpath_cache)[n]
		needs bound checking:
		n &lt; 1024;
		stack:
		realpath_cache_find
		</description>
<line>728</line>
</event>
<extra>none</extra>
<subcategory>none</subcategory>
</error>
<error>
<checker>MOLINT.TAINTED.ARRAY.INDEX</checker>
<domain>STATIC_C</domain>
<file>/media/newdrive/llvm3.6/Test-code/php-5.6.16/Zend/zend_virtual_cwd.c</file>
<function>virtual_file_ex</function>
<score>100</score>
<ordered>false</ordered>
<event>
<main>true</main>
<tag>Error</tag>
<description>
		Array expression: resolved_path[state_cwd_length]
		needs bound checking:
		state_cwd_length &lt; 4096;
		state_cwd_length &gt;= 0;
		stack:
		virtual_file_ex
		</description>
<line>1251</line>
</event>
<extra>none</extra>
<subcategory>none</subcategory>
</error>
<error>
<checker>MOLINT.TAINTED.ARRAY.INDEX</checker>
<domain>STATIC_C</domain>
<file>/media/newdrive/llvm3.6/Test-code/php-5.6.16/ext/hash/hash_md.c</file>
<function>MD2_Transform</function>
<score>100</score>
<ordered>false</ordered>
<event>
<main>true</main>
<tag>Error</tag>
<description>
		Array expression: MD2_S[t]
		needs bound checking:
		t &lt; 256;
		stack:
		MD2_Transform
		</description>
<line>645</line>
</event>
<extra>none</extra>
<subcategory>none</subcategory>
</error>
<error>
<checker>MOLINT.TAINTED.ARRAY.INDEX</checker>
<domain>STATIC_C</domain>
<file>/media/newdrive/llvm3.6/Test-code/php-5.6.16/ext/hash/hash_gost.c</file>
<function>PHP_GOSTUpdate</function>
<score>100</score>
<ordered>false</ordered>
<event>
<main>true</main>
<tag>Error</tag>
<description>
		Array expression: context-&gt;buffer[context-&gt;length]
		needs bound checking:
		context-&gt;length &lt; 32;
		stack:
		PHP_GOSTUpdate
		</description>
<line>275</line>
</event>
<extra>none</extra>
<subcategory>none</subcategory>
</error>
<error>
<checker>MOLINT.TAINTED.ARRAY.INDEX</checker>
<domain>STATIC_C</domain>
<file>/media/newdrive/llvm3.6/Test-code/php-5.6.16/ext/hash/hash_snefru.c</file>
<function>PHP_SNEFRUUpdate</function>
<score>100</score>
<ordered>false</ordered>
<event>
<main>true</main>
<tag>Error</tag>
<description>
		Array expression: context-&gt;buffer[context-&gt;length]
		needs bound checking:
		context-&gt;length &lt; 32;
		stack:
		PHP_SNEFRUUpdate
		</description>
<line>160</line>
</event>
<extra>none</extra>
<subcategory>none</subcategory>
</error>
<error>
<checker>MOLINT.TAINTED.ARRAY.INDEX</checker>
<domain>STATIC_C</domain>
<file>/media/newdrive/llvm3.6/Test-code/php-5.6.16/ext/hash/hash_tiger.c</file>
<function>PHP_TIGERUpdate</function>
<score>100</score>
<ordered>false</ordered>
<event>
<main>true</main>
<tag>Error</tag>
<description>
		Array expression: context-&gt;buffer[context-&gt;length]
		needs bound checking:
		context-&gt;length &lt; 64;
		stack:
		PHP_TIGERUpdate
		</description>
<line>208</line>
</event>
<extra>none</extra>
<subcategory>none</subcategory>
</error>
<error>
<checker>MOLINT.TAINTED.ARRAY.INDEX</checker>
<domain>STATIC_C</domain>
<file>/media/newdrive/llvm3.6/Test-code/php-5.6.16/ext/pdo/pdo.c</file>
<function>php_pdo_int64_to_str</function>
<score>100</score>
<ordered>false</ordered>
<event>
<main>true</main>
<tag>Error</tag>
<description>
		Array expression: digit_vec[rem]
		needs bound checking:
		rem &lt; 11;
		stack:
		php_pdo_int64_to_str
		</description>
<line>342</line>
</event>
<extra>none</extra>
<subcategory>none</subcategory>
</error>
<error>
<checker>MOLINT.TAINTED.ARRAY.INDEX</checker>
<domain>STATIC_C</domain>
<file>/media/newdrive/llvm3.6/Test-code/php-5.6.16/ext/standard/filters.c</file>
<function>php_conv_base64_encode_convert</function>
<score>100</score>
<ordered>false</ordered>
<event>
<main>true</main>
<tag>Error</tag>
<description>
		Array expression: b64_tbl_enc[ps[0]]
		needs bound checking:
		ps[0] &lt; 256;
		stack:
		php_conv_base64_encode_convert
		</description>
<line>531</line>
</event>
<extra>none</extra>
<subcategory>none</subcategory>
</error>
<error>
<checker>MOLINT.TAINTED.ARRAY.INDEX</checker>
<domain>STATIC_C</domain>
<file>/media/newdrive/llvm3.6/Test-code/php-5.6.16/ext/standard/filters.c</file>
<function>php_conv_base64_encode_convert</function>
<score>100</score>
<ordered>false</ordered>
<event>
<main>true</main>
<tag>Error</tag>
<description>
		Array expression: b64_tbl_enc[ps[2]]
		needs bound checking:
		ps[2] &lt; 256;
		stack:
		php_conv_base64_encode_convert
		</description>
<line>559</line>
</event>
<extra>none</extra>
<subcategory>none</subcategory>
</error>
<error>
<checker>MOLINT.TAINTED.ARRAY.INDEX</checker>
<domain>STATIC_C</domain>
<file>/media/newdrive/llvm3.6/Test-code/php-5.6.16/ext/standard/filters.c</file>
<function>php_conv_base64_encode_convert</function>
<score>100</score>
<ordered>false</ordered>
<event>
<main>true</main>
<tag>Error</tag>
<description>
		Array expression: b64_tbl_enc[ps[1]]
		needs bound checking:
		ps[1] &lt; 256;
		stack:
		php_conv_base64_encode_convert
		</description>
<line>504</line>
</event>
<extra>none</extra>
<subcategory>none</subcategory>
</error>
<error>
<checker>MOLINT.TAINTED.ARRAY.INDEX</checker>
<domain>STATIC_C</domain>
<file>/media/newdrive/llvm3.6/Test-code/php-5.6.16/ext/standard/crypt.c</file>
<function>zif_crypt</function>
<score>100</score>
<ordered>false</ordered>
<event>
<main>true</main>
<tag>Error</tag>
<description>
		Array expression: salt[salt_in_len]
		needs bound checking:
		salt_in_len &gt;= 0;
		stack:
		zif_crypt
		</description>
<line>293</line>
</event>
<extra>none</extra>
<subcategory>none</subcategory>
</error>
<error>
<checker>MOLINT.TAINTED.ARRAY.INDEX</checker>
<domain>STATIC_C</domain>
<file>/media/newdrive/llvm3.6/Test-code/php-5.6.16/ext/standard/crypt_sha256.c</file>
<function>sha256_process_bytes</function>
<score>100</score>
<ordered>false</ordered>
<event>
<main>true</main>
<tag>Error</tag>
<description>
		Array expression: ctx-&gt;buffer[left_over]
		needs bound checking:
		left_over &lt; 128;
		stack:
		sha256_process_bytes
		</description>
<line>302</line>
</event>
<extra>none</extra>
<subcategory>none</subcategory>
</error>
<error>
<checker>MOLINT.TAINTED.ARRAY.INDEX</checker>
<domain>STATIC_C</domain>
<file>/media/newdrive/llvm3.6/Test-code/php-5.6.16/ext/standard/datetime.c</file>
<function>php_std_date</function>
<score>100</score>
<ordered>false</ordered>
<event>
<main>true</main>
<tag>Error</tag>
<description>
		Array expression: day_short_names[tm1-&gt;tm_wday]
		needs bound checking:
		tm1-&gt;tm_wday &lt; 7;
		tm1-&gt;tm_wday &gt;= 0;
		stack:
		php_std_date
		</description>
<line>68</line>
</event>
<extra>none</extra>
<subcategory>none</subcategory>
</error>
<error>
<checker>MOLINT.TAINTED.ARRAY.INDEX</checker>
<domain>STATIC_C</domain>
<file>/media/newdrive/llvm3.6/Test-code/php-5.6.16/ext/standard/datetime.c</file>
<function>php_std_date</function>
<score>100</score>
<ordered>false</ordered>
<event>
<main>true</main>
<tag>Error</tag>
<description>
		Array expression: mon_short_names[tm1-&gt;tm_mon]
		needs bound checking:
		tm1-&gt;tm_mon &lt; 12;
		tm1-&gt;tm_mon &gt;= 0;
		stack:
		php_std_date
		</description>
<line>70</line>
</event>
<extra>none</extra>
<subcategory>none</subcategory>
</error>
<error>
<checker>MOLINT.TAINTED.ARRAY.INDEX</checker>
<domain>STATIC_C</domain>
<file>/media/newdrive/llvm3.6/Test-code/php-5.6.16/ext/standard/crypt_sha512.c</file>
<function>sha512_process_bytes</function>
<score>100</score>
<ordered>false</ordered>
<event>
<main>true</main>
<tag>Error</tag>
<description>
		Array expression: ctx-&gt;buffer[left_over]
		needs bound checking:
		left_over &lt; 256;
		stack:
		sha512_process_bytes
		</description>
<line>335</line>
</event>
<extra>none</extra>
<subcategory>none</subcategory>
</error>
<error>
<checker>MOLINT.TAINTED.ARRAY.INDEX</checker>
<domain>STATIC_C</domain>
<file>/media/newdrive/llvm3.6/Test-code/php-5.6.16/ext/date/lib/tm2unixtime.c</file>
<function>do_range_limit_days</function>
<score>100</score>
<ordered>false</ordered>
<event>
<main>true</main>
<tag>Error</tag>
<description>
		Array expression: days_in_month_leap[last_month]
		needs bound checking:
		last_month &gt;= 0;
		stack:
		do_range_limit_days
		</description>
<line>133</line>
</event>
<extra>none</extra>
<subcategory>none</subcategory>
</error>
<error>
<checker>MOLINT.TAINTED.ARRAY.INDEX</checker>
<domain>STATIC_C</domain>
<file>/media/newdrive/llvm3.6/Test-code/php-5.6.16/ext/date/lib/tm2unixtime.c</file>
<function>do_range_limit_days</function>
<score>100</score>
<ordered>false</ordered>
<event>
<main>true</main>
<tag>Error</tag>
<description>
		Array expression: days_in_month[last_month]
		needs bound checking:
		last_month &gt;= 0;
		stack:
		do_range_limit_days
		</description>
<line>133</line>
</event>
<extra>none</extra>
<subcategory>none</subcategory>
</error>
<error>
<checker>MOLINT.TAINTED.ARRAY.INDEX</checker>
<domain>STATIC_C</domain>
<file>/media/newdrive/llvm3.6/Test-code/php-5.6.16/ext/sqlite3/libsqlite/sqlite3.c</file>
<function>resolveP2Values</function>
<score>100</score>
<ordered>false</ordered>
<event>
<main>true</main>
<tag>Error</tag>
<description>
		Array expression: sqlite3OpcodeProperty[opcode]
		needs bound checking:
		opcode &lt; 158;
		stack:
		resolveP2Values
		</description>
<line>65292</line>
</event>
<extra>none</extra>
<subcategory>none</subcategory>
</error>
<error>
<checker>MOLINT.TAINTED.ARRAY.INDEX</checker>
<domain>STATIC_C</domain>
<file>/media/newdrive/llvm3.6/Test-code/php-5.6.16/ext/sqlite3/libsqlite/sqlite3.c</file>
<function>fts3SqlStmt</function>
<score>100</score>
<ordered>false</ordered>
<event>
<main>true</main>
<tag>Error</tag>
<description>
		Array expression: p-&gt;aStmt[eStmt]
		needs bound checking:
		eStmt &lt; 40;
		eStmt &gt;= 0;
		stack:
		fts3SqlExec-&gt;fts3SqlStmt
		</description>
<line>143371</line>
</event>
<extra>none</extra>
<subcategory>none</subcategory>
</error>
<error>
<checker>MOLINT.TAINTED.ARRAY.INDEX</checker>
<domain>STATIC_C</domain>
<file>/media/newdrive/llvm3.6/Test-code/php-5.6.16/ext/sqlite3/libsqlite/sqlite3.c</file>
<function>fts3SqlStmt</function>
<score>100</score>
<ordered>false</ordered>
<event>
<main>true</main>
<tag>Error</tag>
<description>
		Array expression: azSql[eStmt]
		needs bound checking:
		eStmt &lt; 40;
		eStmt &gt;= 0;
		stack:
		fts3SqlExec-&gt;fts3SqlStmt
		</description>
<line>143363</line>
</event>
<extra>none</extra>
<subcategory>none</subcategory>
</error>
<error>
<checker>MOLINT.TAINTED.ARRAY.INDEX</checker>
<domain>STATIC_C</domain>
<file>/media/newdrive/llvm3.6/Test-code/php-5.6.16/ext/sqlite3/libsqlite/sqlite3.c</file>
<function>sqlite3DecOrHexToI64</function>
<score>100</score>
<ordered>false</ordered>
<event>
<main>true</main>
<tag>Error</tag>
<description>
		Array expression: sqlite3CtypeMap[(unsigned char)(z[2])]
		needs bound checking:
		z[2] &lt; 256;
		z[2] &gt;= 0;
		stack:
		sqlite3DecOrHexToI64
		</description>
<line>24028</line>
</event>
<extra>none</extra>
<subcategory>none</subcategory>
</error>
<error>
<checker>MOLINT.TAINTED.ARRAY.INDEX</checker>
<domain>STATIC_C</domain>
<file>/media/newdrive/llvm3.6/Test-code/php-5.6.16/ext/sqlite3/libsqlite/sqlite3.c</file>
<function>accessPayload</function>
<score>100</score>
<ordered>false</ordered>
<event>
<main>true</main>
<tag>Error</tag>
<description>
		Array expression: pCur-&gt;apPage[iPage]
		needs bound checking:
		iPage &lt; 20;
		iPage &gt;= 0;
		stack:
		accessPayload
		</description>
<line>57264</line>
</event>
<extra>none</extra>
<subcategory>none</subcategory>
</error>
<error>
<checker>MOLINT.TAINTED.ARRAY.INDEX</checker>
<domain>STATIC_C</domain>
<file>/media/newdrive/llvm3.6/Test-code/php-5.6.16/ext/sqlite3/libsqlite/sqlite3.c</file>
<function>accessPayload</function>
<score>100</score>
<ordered>false</ordered>
<event>
<main>true</main>
<tag>Error</tag>
<description>
		Array expression: pCur-&gt;aiIdx[iPage]
		needs bound checking:
		iPage &lt; 20;
		iPage &gt;= 0;
		stack:
		accessPayload
		</description>
<line>57264</line>
</event>
<extra>none</extra>
<subcategory>none</subcategory>
</error>
<error>
<checker>MOLINT.TAINTED.ARRAY.INDEX</checker>
<domain>STATIC_C</domain>
<file>/media/newdrive/llvm3.6/Test-code/php-5.6.16/ext/sqlite3/libsqlite/sqlite3.c</file>
<function>accessPayload</function>
<score>100</score>
<ordered>false</ordered>
<event>
<main>true</main>
<tag>Error</tag>
<description>
		Array expression: pCur-&gt;apPage[pCur-&gt;iPage]
		needs bound checking:
		pCur-&gt;iPage &lt; 20;
		pCur-&gt;iPage &gt;= 0;
		stack:
		accessPayload
		sqlite3BtreeData-&gt;accessPayload
		sqlite3BtreeKey-&gt;accessPayload
		sqlite3BtreeMovetoUnpacked-&gt;accessPayload
		sqlite3BtreePutData-&gt;accessPayload
		</description>
<line>57251</line>
</event>
<extra>none</extra>
<subcategory>none</subcategory>
</error>
<error>
<checker>MOLINT.TAINTED.ARRAY.INDEX</checker>
<domain>STATIC_C</domain>
<file>/media/newdrive/llvm3.6/Test-code/php-5.6.16/ext/sqlite3/libsqlite/sqlite3.c</file>
<function>sqlite3_stmt_status</function>
<score>100</score>
<ordered>false</ordered>
<event>
<main>true</main>
<tag>Error</tag>
<description>
		Array expression: pVdbe-&gt;aCounter[op]
		needs bound checking:
		op &lt; 5;
		op &gt;= 0;
		stack:
		sqlite3_stmt_status
		</description>
<line>70482</line>
</event>
<extra>none</extra>
<subcategory>none</subcategory>
</error>
<error>
<checker>MOLINT.TAINTED.ARRAY.INDEX</checker>
<domain>STATIC_C</domain>
<file>/media/newdrive/llvm3.6/Test-code/php-5.6.16/ext/sqlite3/libsqlite/sqlite3.c</file>
<function>memjrnlWrite</function>
<score>100</score>
<ordered>false</ordered>
<event>
<main>true</main>
<tag>Error</tag>
<description>
		Array expression: p-&gt;endpoint.pChunk-&gt;zChunk[iChunkOffset]
		needs bound checking:
		iChunkOffset &lt; 1020;
		iChunkOffset &gt;= 0;
		stack:
		memjrnlWrite
		</description>
<line>81032</line>
</event>
<extra>none</extra>
<subcategory>none</subcategory>
</error>
