<error>
	<checker>MOLINT.RECURSIVE.CALL</checker>
	<domain>STATIC_C</domain>
	<file>/media/newdrive/llvm3.6/Test-code/openssl-1.1.0f/crypto/ocsp/ocsp_vfy.c</file>
	<function>ocsp_match_issuerid</function>
	<score>100</score>
	<ordered>false</ordered>
	<event>
		<main>true</main>
		<tag>Error</tag>
		<description>
			Find a recursive call involving the folowing functions:
				Function:[ ocsp_match_issuerid ] defined at location [ /media/newdrive/llvm3.6/Test-code/openssl-1.1.0f/crypto/ocsp/ocsp_vfy.c:265:12 ]
			The call relationship are as follows:
				Function:[ ocsp_match_issuerid ] calls [ ocsp_match_issuerid ] at location [ /media/newdrive/llvm3.6/Test-code/openssl-1.1.0f/crypto/ocsp/ocsp_vfy.c:304 ]
		</description>
		<line>265</line>
	</event>
	<extra>none</extra>
	<subcategory>none</subcategory>
</error>

<error>
	<checker>MOLINT.RECURSIVE.CALL</checker>
	<domain>STATIC_C</domain>
	<file>/media/newdrive/llvm3.6/Test-code/openssl-1.1.0f/crypto/ct/ct_oct.c</file>
	<function>i2o_SCT_LIST</function>
	<score>100</score>
	<ordered>false</ordered>
	<event>
		<main>true</main>
		<tag>Error</tag>
		<description>
			Find a recursive call involving the folowing functions:
				Function:[ i2o_SCT_LIST ] defined at location [ /media/newdrive/llvm3.6/Test-code/openssl-1.1.0f/crypto/ct/ct_oct.c:321:5 ]
			The call relationship are as follows:
				Function:[ i2o_SCT_LIST ] calls [ i2o_SCT_LIST ] at location [ /media/newdrive/llvm3.6/Test-code/openssl-1.1.0f/crypto/ct/ct_oct.c:329 ]
		</description>
		<line>321</line>
	</event>
	<extra>none</extra>
	<subcategory>none</subcategory>
</error>

<error>
	<checker>MOLINT.RECURSIVE.CALL</checker>
	<domain>STATIC_C</domain>
	<file>/media/newdrive/llvm3.6/Test-code/openssl-1.1.0f/crypto/bn/bn_mul.c</file>
	<function>bn_mul_recursive</function>
	<score>100</score>
	<ordered>false</ordered>
	<event>
		<main>true</main>
		<tag>Error</tag>
		<description>
			Find a recursive call involving the folowing functions:
				Function:[ bn_mul_recursive ] defined at location [ /media/newdrive/llvm3.6/Test-code/openssl-1.1.0f/crypto/bn/bn_mul.c:333:6 ]
			The call relationship are as follows:
				Function:[ bn_mul_recursive ] calls [ bn_mul_recursive ] at location [ /media/newdrive/llvm3.6/Test-code/openssl-1.1.0f/crypto/bn/bn_mul.c:426 ]
		</description>
		<line>333</line>
	</event>
	<extra>none</extra>
	<subcategory>none</subcategory>
</error>

<error>
	<checker>MOLINT.RECURSIVE.CALL</checker>
	<domain>STATIC_C</domain>
	<file>/media/newdrive/llvm3.6/Test-code/openssl-1.1.0f/crypto/bn/bn_mul.c</file>
	<function>bn_mul_part_recursive</function>
	<score>100</score>
	<ordered>false</ordered>
	<event>
		<main>true</main>
		<tag>Error</tag>
		<description>
			Find a recursive call involving the folowing functions:
				Function:[ bn_mul_part_recursive ] defined at location [ /media/newdrive/llvm3.6/Test-code/openssl-1.1.0f/crypto/bn/bn_mul.c:480:6 ]
			The call relationship are as follows:
				Function:[ bn_mul_part_recursive ] calls [ bn_mul_part_recursive ] at location [ /media/newdrive/llvm3.6/Test-code/openssl-1.1.0f/crypto/bn/bn_mul.c:558 ]
		</description>
		<line>480</line>
	</event>
	<extra>none</extra>
	<subcategory>none</subcategory>
</error>

<error>
	<checker>MOLINT.RECURSIVE.CALL</checker>
	<domain>STATIC_C</domain>
	<file>/media/newdrive/llvm3.6/Test-code/openssl-1.1.0f/crypto/bn/bn_mul.c</file>
	<function>bn_mul_low_recursive</function>
	<score>100</score>
	<ordered>false</ordered>
	<event>
		<main>true</main>
		<tag>Error</tag>
		<description>
			Find a recursive call involving the folowing functions:
				Function:[ bn_mul_low_recursive ] defined at location [ /media/newdrive/llvm3.6/Test-code/openssl-1.1.0f/crypto/bn/bn_mul.c:638:6 ]
			The call relationship are as follows:
				Function:[ bn_mul_low_recursive ] calls [ bn_mul_low_recursive ] at location [ /media/newdrive/llvm3.6/Test-code/openssl-1.1.0f/crypto/bn/bn_mul.c:645 ]
		</description>
		<line>638</line>
	</event>
	<extra>none</extra>
	<subcategory>none</subcategory>
</error>

<error>
	<checker>MOLINT.RECURSIVE.CALL</checker>
	<domain>STATIC_C</domain>
	<file>/media/newdrive/llvm3.6/Test-code/openssl-1.1.0f/crypto/bn/bn_sqr.c</file>
	<function>bn_sqr_recursive</function>
	<score>100</score>
	<ordered>false</ordered>
	<event>
		<main>true</main>
		<tag>Error</tag>
		<description>
			Find a recursive call involving the folowing functions:
				Function:[ bn_sqr_recursive ] defined at location [ /media/newdrive/llvm3.6/Test-code/openssl-1.1.0f/crypto/bn/bn_sqr.c:152:6 ]
			The call relationship are as follows:
				Function:[ bn_sqr_recursive ] calls [ bn_sqr_recursive ] at location [ /media/newdrive/llvm3.6/Test-code/openssl-1.1.0f/crypto/bn/bn_sqr.c:191 ]
		</description>
		<line>152</line>
	</event>
	<extra>none</extra>
	<subcategory>none</subcategory>
</error>

<error>
	<checker>MOLINT.RECURSIVE.CALL</checker>
	<domain>STATIC_C</domain>
	<file>/media/newdrive/llvm3.6/Test-code/openssl-1.1.0f/crypto/asn1/tasn_fre.c</file>
	<function>asn1_primitive_free</function>
	<score>100</score>
	<ordered>false</ordered>
	<event>
		<main>true</main>
		<tag>Error</tag>
		<description>
			Find a recursive call involving the folowing functions:
				Function:[ asn1_primitive_free ] defined at location [ /media/newdrive/llvm3.6/Test-code/openssl-1.1.0f/crypto/asn1/tasn_fre.c:150:6 ]
			The call relationship are as follows:
				Function:[ asn1_primitive_free ] calls [ asn1_primitive_free ] at location [ /media/newdrive/llvm3.6/Test-code/openssl-1.1.0f/crypto/asn1/tasn_fre.c:203 ]
		</description>
		<line>150</line>
	</event>
	<extra>none</extra>
	<subcategory>none</subcategory>
</error>

<error>
	<checker>MOLINT.RECURSIVE.CALL</checker>
	<domain>STATIC_C</domain>
	<file>/media/newdrive/llvm3.6/Test-code/openssl-1.1.0f/crypto/asn1/tasn_dec.c</file>
	<function>asn1_collect</function>
	<score>100</score>
	<ordered>false</ordered>
	<event>
		<main>true</main>
		<tag>Error</tag>
		<description>
			Find a recursive call involving the folowing functions:
				Function:[ asn1_collect ] defined at location [ /media/newdrive/llvm3.6/Test-code/openssl-1.1.0f/crypto/asn1/tasn_dec.c:966:12 ]
			The call relationship are as follows:
				Function:[ asn1_collect ] calls [ asn1_collect ] at location [ /media/newdrive/llvm3.6/Test-code/openssl-1.1.0f/crypto/asn1/tasn_dec.c:1009 ]
		</description>
		<line>966</line>
	</event>
	<extra>none</extra>
	<subcategory>none</subcategory>
</error>

<error>
	<checker>MOLINT.RECURSIVE.CALL</checker>
	<domain>STATIC_C</domain>
	<file>/media/newdrive/llvm3.6/Test-code/openssl-1.1.0f/crypto/asn1/asn1_par.c</file>
	<function>asn1_parse2</function>
	<score>100</score>
	<ordered>false</ordered>
	<event>
		<main>true</main>
		<tag>Error</tag>
		<description>
			Find a recursive call involving the folowing functions:
				Function:[ asn1_parse2 ] defined at location [ /media/newdrive/llvm3.6/Test-code/openssl-1.1.0f/crypto/asn1/asn1_par.c:69:12 ]
			The call relationship are as follows:
				Function:[ asn1_parse2 ] calls [ asn1_parse2 ] at location [ /media/newdrive/llvm3.6/Test-code/openssl-1.1.0f/crypto/asn1/asn1_par.c:130 ]
		</description>
		<line>69</line>
	</event>
	<extra>none</extra>
	<subcategory>none</subcategory>
</error>

<error>
	<checker>MOLINT.RECURSIVE.CALL</checker>
	<domain>STATIC_C</domain>
	<file>/media/newdrive/llvm3.6/Test-code/openssl-1.1.0f/crypto/engine/eng_list.c</file>
	<function>ENGINE_by_id</function>
	<score>100</score>
	<ordered>false</ordered>
	<event>
		<main>true</main>
		<tag>Error</tag>
		<description>
			Find a recursive call involving the folowing functions:
				Function:[ ENGINE_by_id ] defined at location [ /media/newdrive/llvm3.6/Test-code/openssl-1.1.0f/crypto/engine/eng_list.c:282:9 ]
			The call relationship are as follows:
				Function:[ ENGINE_by_id ] calls [ ENGINE_by_id ] at location [ /media/newdrive/llvm3.6/Test-code/openssl-1.1.0f/crypto/engine/eng_list.c:327 ]
		</description>
		<line>282</line>
	</event>
	<extra>none</extra>
	<subcategory>none</subcategory>
</error>

<error>
	<checker>MOLINT.RECURSIVE.CALL</checker>
	<domain>STATIC_C</domain>
	<file>/media/newdrive/llvm3.6/Test-code/openssl-1.1.0f/crypto/bn/bn_word.c</file>
	<function>BN_add_word</function>
	<score>100</score>
	<ordered>false</ordered>
	<event>
		<main>true</main>
		<tag>Error</tag>
		<description>
			Find a recursive call involving the folowing functions:
				Function:[ BN_add_word ] defined at location [ /media/newdrive/llvm3.6/Test-code/openssl-1.1.0f/crypto/bn/bn_word.c:98:5 ]
				Function:[ BN_sub_word ] defined at location [ /media/newdrive/llvm3.6/Test-code/openssl-1.1.0f/crypto/bn/bn_word.c:134:5 ]
			The call relationship are as follows:
				Function:[ BN_add_word ] calls [ BN_sub_word ] at location [ /media/newdrive/llvm3.6/Test-code/openssl-1.1.0f/crypto/bn/bn_word.c:115 ]
				Function:[ BN_sub_word ] calls [ BN_add_word ] at location [ /media/newdrive/llvm3.6/Test-code/openssl-1.1.0f/crypto/bn/bn_word.c:154 ]
		</description>
		<line>98</line>
	</event>
	<extra>none</extra>
	<subcategory>none</subcategory>
</error>

<error>
	<checker>MOLINT.RECURSIVE.CALL</checker>
	<domain>STATIC_C</domain>
	<file>/media/newdrive/llvm3.6/Test-code/openssl-1.1.0f/crypto/asn1/tasn_fre.c</file>
	<function>asn1_item_embed_free</function>
	<score>100</score>
	<ordered>false</ordered>
	<event>
		<main>true</main>
		<tag>Error</tag>
		<description>
			Find a recursive call involving the folowing functions:
				Function:[ asn1_item_embed_free ] defined at location [ /media/newdrive/llvm3.6/Test-code/openssl-1.1.0f/crypto/asn1/tasn_fre.c:31:13 ]
				Function:[ asn1_template_free ] defined at location [ /media/newdrive/llvm3.6/Test-code/openssl-1.1.0f/crypto/asn1/tasn_fre.c:126:6 ]
			The call relationship are as follows:
				Function:[ asn1_item_embed_free ] calls [ asn1_template_free ] at location [ /media/newdrive/llvm3.6/Test-code/openssl-1.1.0f/crypto/asn1/tasn_fre.c:53 ]
				Function:[ asn1_template_free ] calls [ asn1_item_embed_free ] at location [ /media/newdrive/llvm3.6/Test-code/openssl-1.1.0f/crypto/asn1/tasn_fre.c:141 ]
		</description>
		<line>31</line>
	</event>
	<extra>none</extra>
	<subcategory>none</subcategory>
</error>

<error>
	<checker>MOLINT.RECURSIVE.CALL</checker>
	<domain>STATIC_C</domain>
	<file>/media/newdrive/llvm3.6/Test-code/openssl-1.1.0f/crypto/asn1/tasn_new.c</file>
	<function>asn1_item_clear</function>
	<score>100</score>
	<ordered>false</ordered>
	<event>
		<main>true</main>
		<tag>Error</tag>
		<description>
			Find a recursive call involving the folowing functions:
				Function:[ asn1_item_clear ] defined at location [ /media/newdrive/llvm3.6/Test-code/openssl-1.1.0f/crypto/asn1/tasn_new.c:164:13 ]
				Function:[ asn1_template_clear ] defined at location [ /media/newdrive/llvm3.6/Test-code/openssl-1.1.0f/crypto/asn1/tasn_new.c:243:13 ]
			The call relationship are as follows:
				Function:[ asn1_item_clear ] calls [ asn1_template_clear ] at location [ /media/newdrive/llvm3.6/Test-code/openssl-1.1.0f/crypto/asn1/tasn_new.c:180 ]
				Function:[ asn1_template_clear ] calls [ asn1_item_clear ] at location [ /media/newdrive/llvm3.6/Test-code/openssl-1.1.0f/crypto/asn1/tasn_new.c:249 ]
		</description>
		<line>164</line>
	</event>
	<extra>none</extra>
	<subcategory>none</subcategory>
</error>

<error>
	<checker>MOLINT.RECURSIVE.CALL</checker>
	<domain>STATIC_C</domain>
	<file>/media/newdrive/llvm3.6/Test-code/openssl-1.1.0f/crypto/asn1/tasn_new.c</file>
	<function>asn1_item_embed_new</function>
	<score>100</score>
	<ordered>false</ordered>
	<event>
		<main>true</main>
		<tag>Error</tag>
		<description>
			Find a recursive call involving the folowing functions:
				Function:[ asn1_item_embed_new ] defined at location [ /media/newdrive/llvm3.6/Test-code/openssl-1.1.0f/crypto/asn1/tasn_new.c:42:5 ]
				Function:[ asn1_template_new ] defined at location [ /media/newdrive/llvm3.6/Test-code/openssl-1.1.0f/crypto/asn1/tasn_new.c:197:12 ]
			The call relationship are as follows:
				Function:[ asn1_item_embed_new ] calls [ asn1_template_new ] at location [ /media/newdrive/llvm3.6/Test-code/openssl-1.1.0f/crypto/asn1/tasn_new.c:71 ]
				Function:[ asn1_template_new ] calls [ asn1_item_embed_new ] at location [ /media/newdrive/llvm3.6/Test-code/openssl-1.1.0f/crypto/asn1/tasn_new.c:235 ]
		</description>
		<line>42</line>
	</event>
	<extra>none</extra>
	<subcategory>none</subcategory>
</error>

<error>
	<checker>MOLINT.RECURSIVE.CALL</checker>
	<domain>STATIC_C</domain>
	<file>/media/newdrive/llvm3.6/Test-code/openssl-1.1.0f/crypto/asn1/tasn_dec.c</file>
	<function>asn1_item_embed_d2i</function>
	<score>100</score>
	<ordered>false</ordered>
	<event>
		<main>true</main>
		<tag>Error</tag>
		<description>
			Find a recursive call involving the folowing functions:
				Function:[ asn1_item_embed_d2i ] defined at location [ /media/newdrive/llvm3.6/Test-code/openssl-1.1.0f/crypto/asn1/tasn_dec.c:125:12 ]
				Function:[ asn1_template_ex_d2i ] defined at location [ /media/newdrive/llvm3.6/Test-code/openssl-1.1.0f/crypto/asn1/tasn_dec.c:420:12 ]
				Function:[ asn1_template_noexp_d2i ] defined at location [ /media/newdrive/llvm3.6/Test-code/openssl-1.1.0f/crypto/asn1/tasn_dec.c:491:12 ]
			The call relationship are as follows:
				Function:[ asn1_item_embed_d2i ] calls [ asn1_template_ex_d2i ] at location [ /media/newdrive/llvm3.6/Test-code/openssl-1.1.0f/crypto/asn1/tasn_dec.c:162 ]
				Function:[ asn1_template_ex_d2i ] calls [ asn1_template_noexp_d2i ] at location [ /media/newdrive/llvm3.6/Test-code/openssl-1.1.0f/crypto/asn1/tasn_dec.c:458 ]
				Function:[ asn1_template_noexp_d2i ] calls [ asn1_item_embed_d2i ] at location [ /media/newdrive/llvm3.6/Test-code/openssl-1.1.0f/crypto/asn1/tasn_dec.c:575 ]
		</description>
		<line>125</line>
	</event>
	<extra>none</extra>
	<subcategory>none</subcategory>
</error>

<error>
	<checker>MOLINT.RECURSIVE.CALL</checker>
	<domain>STATIC_C</domain>
	<file>/media/newdrive/llvm3.6/Test-code/openssl-1.1.0f/crypto/asn1/tasn_enc.c</file>
	<function>ASN1_item_ex_i2d</function>
	<score>100</score>
	<ordered>false</ordered>
	<event>
		<main>true</main>
		<tag>Error</tag>
		<description>
			Find a recursive call involving the folowing functions:
				Function:[ ASN1_item_ex_i2d ] defined at location [ /media/newdrive/llvm3.6/Test-code/openssl-1.1.0f/crypto/asn1/tasn_enc.c:80:5 ]
				Function:[ asn1_template_ex_i2d ] defined at location [ /media/newdrive/llvm3.6/Test-code/openssl-1.1.0f/crypto/asn1/tasn_enc.c:195:12 ]
			The call relationship are as follows:
				Function:[ ASN1_item_ex_i2d ] calls [ asn1_template_ex_i2d ] at location [ /media/newdrive/llvm3.6/Test-code/openssl-1.1.0f/crypto/asn1/tasn_enc.c:99 ]
				Function:[ asn1_template_ex_i2d ] calls [ ASN1_item_ex_i2d ] at location [ /media/newdrive/llvm3.6/Test-code/openssl-1.1.0f/crypto/asn1/tasn_enc.c:287 ]
		</description>
		<line>80</line>
	</event>
	<extra>none</extra>
	<subcategory>none</subcategory>
</error>

<error>
	<checker>MOLINT.RECURSIVE.CALL</checker>
	<domain>STATIC_C</domain>
	<file>/media/newdrive/llvm3.6/Test-code/openssl-1.1.0f/crypto/asn1/tasn_enc.c</file>
	<function>ASN1_item_ex_i2d</function>
	<score>100</score>
	<ordered>false</ordered>
	<event>
		<main>true</main>
		<tag>Error</tag>
		<description>
			Find a recursive call involving the folowing functions:
				Function:[ ASN1_item_ex_i2d ] defined at location [ /media/newdrive/llvm3.6/Test-code/openssl-1.1.0f/crypto/asn1/tasn_enc.c:80:5 ]
				Function:[ asn1_template_ex_i2d ] defined at location [ /media/newdrive/llvm3.6/Test-code/openssl-1.1.0f/crypto/asn1/tasn_enc.c:195:12 ]
				Function:[ asn1_set_seq_out ] defined at location [ /media/newdrive/llvm3.6/Test-code/openssl-1.1.0f/crypto/asn1/tasn_enc.c:368:12 ]
			The call relationship are as follows:
				Function:[ ASN1_item_ex_i2d ] calls [ asn1_template_ex_i2d ] at location [ /media/newdrive/llvm3.6/Test-code/openssl-1.1.0f/crypto/asn1/tasn_enc.c:99 ]
				Function:[ asn1_template_ex_i2d ] calls [ asn1_set_seq_out ] at location [ /media/newdrive/llvm3.6/Test-code/openssl-1.1.0f/crypto/asn1/tasn_enc.c:312 ]
				Function:[ asn1_set_seq_out ] calls [ ASN1_item_ex_i2d ] at location [ /media/newdrive/llvm3.6/Test-code/openssl-1.1.0f/crypto/asn1/tasn_enc.c:396 ]
		</description>
		<line>80</line>
	</event>
	<extra>none</extra>
	<subcategory>none</subcategory>
</error>

<error>
	<checker>MOLINT.RECURSIVE.CALL</checker>
	<domain>STATIC_C</domain>
	<file>/media/newdrive/llvm3.6/Test-code/openssl-1.1.0f/crypto/asn1/tasn_prn.c</file>
	<function>asn1_item_print_ctx</function>
	<score>100</score>
	<ordered>false</ordered>
	<event>
		<main>true</main>
		<tag>Error</tag>
		<description>
			Find a recursive call involving the folowing functions:
				Function:[ asn1_item_print_ctx ] defined at location [ /media/newdrive/llvm3.6/Test-code/openssl-1.1.0f/crypto/asn1/tasn_prn.c:134:12 ]
				Function:[ asn1_template_print_ctx ] defined at location [ /media/newdrive/llvm3.6/Test-code/openssl-1.1.0f/crypto/asn1/tasn_prn.c:264:12 ]
			The call relationship are as follows:
				Function:[ asn1_item_print_ctx ] calls [ asn1_template_print_ctx ] at location [ /media/newdrive/llvm3.6/Test-code/openssl-1.1.0f/crypto/asn1/tasn_prn.c:168 ]
				Function:[ asn1_template_print_ctx ] calls [ asn1_item_print_ctx ] at location [ /media/newdrive/llvm3.6/Test-code/openssl-1.1.0f/crypto/asn1/tasn_prn.c:313 ]
		</description>
		<line>134</line>
	</event>
	<extra>none</extra>
	<subcategory>none</subcategory>
</error>

<error>
	<checker>MOLINT.RECURSIVE.CALL</checker>
	<domain>STATIC_C</domain>
	<file>/media/newdrive/llvm3.6/Test-code/openssl-1.1.0f/crypto/asn1/asn1_gen.c</file>
	<function>generate_v3</function>
	<score>100</score>
	<ordered>false</ordered>
	<event>
		<main>true</main>
		<tag>Error</tag>
		<description>
			Find a recursive call involving the folowing functions:
				Function:[ generate_v3 ] defined at location [ /media/newdrive/llvm3.6/Test-code/openssl-1.1.0f/crypto/asn1/asn1_gen.c:98:19 ]
				Function:[ asn1_multi ] defined at location [ /media/newdrive/llvm3.6/Test-code/openssl-1.1.0f/crypto/asn1/asn1_gen.c:405:19 ]
			The call relationship are as follows:
				Function:[ generate_v3 ] calls [ asn1_multi ] at location [ /media/newdrive/llvm3.6/Test-code/openssl-1.1.0f/crypto/asn1/asn1_gen.c:135 ]
				Function:[ asn1_multi ] calls [ generate_v3 ] at location [ /media/newdrive/llvm3.6/Test-code/openssl-1.1.0f/crypto/asn1/asn1_gen.c:425 ]
		</description>
		<line>98</line>
	</event>
	<extra>none</extra>
	<subcategory>none</subcategory>
</error>

<error>
	<checker>MOLINT.RECURSIVE.CALL</checker>
	<domain>STATIC_C</domain>
	<file>/media/newdrive/llvm3.6/Test-code/openssl-1.1.0f/crypto/pkcs12/p12_kiss.c</file>
	<function>parse_bags</function>
	<score>100</score>
	<ordered>false</ordered>
	<event>
		<main>true</main>
		<tag>Error</tag>
		<description>
			Find a recursive call involving the folowing functions:
				Function:[ parse_bags ] defined at location [ /media/newdrive/llvm3.6/Test-code/openssl-1.1.0f/crypto/pkcs12/p12_kiss.c:160:12 ]
				Function:[ parse_bag ] defined at location [ /media/newdrive/llvm3.6/Test-code/openssl-1.1.0f/crypto/pkcs12/p12_kiss.c:172:12 ]
			The call relationship are as follows:
				Function:[ parse_bags ] calls [ parse_bag ] at location [ /media/newdrive/llvm3.6/Test-code/openssl-1.1.0f/crypto/pkcs12/p12_kiss.c:165 ]
				Function:[ parse_bag ] calls [ parse_bags ] at location [ /media/newdrive/llvm3.6/Test-code/openssl-1.1.0f/crypto/pkcs12/p12_kiss.c:238 ]
		</description>
		<line>160</line>
	</event>
	<extra>none</extra>
	<subcategory>none</subcategory>
</error>

<error>
	<checker>MOLINT.RECURSIVE.CALL</checker>
	<domain>STATIC_C</domain>
	<file>/media/newdrive/llvm3.6/Test-code/openssl-1.1.0f/crypto/ex_data.c</file>
	<function>get_and_lock</function>
	<score>100</score>
	<ordered>false</ordered>
	<event>
		<main>true</main>
		<tag>Error</tag>
		<description>
			Find recursive call set involving 21 functions.
			It may take too much time to find all the recursive call in it, you can rerun the checker with option 'max_scc_size=[some value larger than the functions size]' in configuration file to find all recursive calls.
			Just list the involved functions as follows:
				Function:[ get_and_lock ] defined at location [ /media/newdrive/llvm3.6/Test-code/openssl-1.1.0f/crypto/ex_data.c:50:22 ]
				Function:[ CRYPTO_free_ex_data ] defined at location [ /media/newdrive/llvm3.6/Test-code/openssl-1.1.0f/crypto/ex_data.c:313:6 ]
				Function:[ ERR_put_error ] defined at location [ /media/newdrive/llvm3.6/Test-code/openssl-1.1.0f/crypto/err/err.c:338:6 ]
				Function:[ ERR_get_state ] defined at location [ /media/newdrive/llvm3.6/Test-code/openssl-1.1.0f/crypto/err/err.c:645:12 ]
				Function:[ OPENSSL_init_crypto ] defined at location [ /media/newdrive/llvm3.6/Test-code/openssl-1.1.0f/crypto/init.c:498:5 ]
				Function:[ ENGINE_register_pkey_meths ] defined at location [ /media/newdrive/llvm3.6/Test-code/openssl-1.1.0f/crypto/engine/tb_pkmeth.c:25:5 ]
				Function:[ engine_free_util ] defined at location [ /media/newdrive/llvm3.6/Test-code/openssl-1.1.0f/crypto/engine/eng_lib.c:69:5 ]
				Function:[ ENGINE_free ] defined at location [ /media/newdrive/llvm3.6/Test-code/openssl-1.1.0f/crypto/engine/eng_lib.c:97:5 ]
				Function:[ ENGINE_register_DSA ] defined at location [ /media/newdrive/llvm3.6/Test-code/openssl-1.1.0f/crypto/engine/tb_dsa.c:25:5 ]
				Function:[ ENGINE_get_first ] defined at location [ /media/newdrive/llvm3.6/Test-code/openssl-1.1.0f/crypto/engine/eng_list.c:135:9 ]
				Function:[ ENGINE_get_next ] defined at location [ /media/newdrive/llvm3.6/Test-code/openssl-1.1.0f/crypto/engine/eng_list.c:174:9 ]
				Function:[ engine_table_register ] defined at location [ /media/newdrive/llvm3.6/Test-code/openssl-1.1.0f/crypto/engine/eng_table.c:82:5 ]
				Function:[ ENGINE_register_digests ] defined at location [ /media/newdrive/llvm3.6/Test-code/openssl-1.1.0f/crypto/engine/tb_digest.c:24:5 ]
				Function:[ ENGINE_register_DH ] defined at location [ /media/newdrive/llvm3.6/Test-code/openssl-1.1.0f/crypto/engine/tb_dh.c:25:5 ]
				Function:[ ENGINE_register_RSA ] defined at location [ /media/newdrive/llvm3.6/Test-code/openssl-1.1.0f/crypto/engine/tb_rsa.c:25:5 ]
				Function:[ engine_unlocked_finish ] defined at location [ /media/newdrive/llvm3.6/Test-code/openssl-1.1.0f/crypto/engine/eng_init.c:43:5 ]
				Function:[ ENGINE_register_ciphers ] defined at location [ /media/newdrive/llvm3.6/Test-code/openssl-1.1.0f/crypto/engine/tb_cipher.c:24:5 ]
				Function:[ ENGINE_register_EC ] defined at location [ /media/newdrive/llvm3.6/Test-code/openssl-1.1.0f/crypto/engine/tb_eckey.c:25:5 ]
				Function:[ ENGINE_register_RAND ] defined at location [ /media/newdrive/llvm3.6/Test-code/openssl-1.1.0f/crypto/engine/tb_rand.c:25:5 ]
				Function:[ ENGINE_register_complete ] defined at location [ /media/newdrive/llvm3.6/Test-code/openssl-1.1.0f/crypto/engine/eng_fat.c:98:5 ]
				Function:[ ENGINE_register_all_complete ] defined at location [ /media/newdrive/llvm3.6/Test-code/openssl-1.1.0f/crypto/engine/eng_fat.c:119:5 ]
			The call relationship are as follows:
				Function:[ get_and_lock ] calls [ ERR_put_error ] at location [ /media/newdrive/llvm3.6/Test-code/openssl-1.1.0f/crypto/ex_data.c:55 ]
				Function:[ CRYPTO_free_ex_data ] calls [ get_and_lock ] at location [ /media/newdrive/llvm3.6/Test-code/openssl-1.1.0f/crypto/ex_data.c:322 ]
				Function:[ ERR_put_error ] calls [ ERR_get_state ] at location [ /media/newdrive/llvm3.6/Test-code/openssl-1.1.0f/crypto/err/err.c:361 ]
				Function:[ ERR_get_state ] calls [ OPENSSL_init_crypto ] at location [ /media/newdrive/llvm3.6/Test-code/openssl-1.1.0f/crypto/err/err.c:665 ]
				Function:[ OPENSSL_init_crypto ] calls [ ERR_put_error ] at location [ /media/newdrive/llvm3.6/Test-code/openssl-1.1.0f/crypto/init.c:510 ]
				Function:[ OPENSSL_init_crypto ] calls [ ENGINE_register_all_complete ] at location [ /media/newdrive/llvm3.6/Test-code/openssl-1.1.0f/crypto/init.c:599 ]
				Function:[ ENGINE_register_pkey_meths ] calls [ engine_table_register ] at location [ /media/newdrive/llvm3.6/Test-code/openssl-1.1.0f/crypto/engine/tb_pkmeth.c:31 ]
				Function:[ engine_free_util ] calls [ CRYPTO_free_ex_data ] at location [ /media/newdrive/llvm3.6/Test-code/openssl-1.1.0f/crypto/engine/eng_lib.c:92 ]
				Function:[ ENGINE_free ] calls [ engine_free_util ] at location [ /media/newdrive/llvm3.6/Test-code/openssl-1.1.0f/crypto/engine/eng_lib.c:99 ]
				Function:[ ENGINE_register_DSA ] calls [ engine_table_register ] at location [ /media/newdrive/llvm3.6/Test-code/openssl-1.1.0f/crypto/engine/tb_dsa.c:28 ]
				Function:[ ENGINE_get_first ] calls [ ERR_put_error ] at location [ /media/newdrive/llvm3.6/Test-code/openssl-1.1.0f/crypto/engine/eng_list.c:140 ]
				Function:[ ENGINE_get_next ] calls [ ERR_put_error ] at location [ /media/newdrive/llvm3.6/Test-code/openssl-1.1.0f/crypto/engine/eng_list.c:178 ]
				Function:[ ENGINE_get_next ] calls [ ENGINE_free ] at location [ /media/newdrive/llvm3.6/Test-code/openssl-1.1.0f/crypto/engine/eng_list.c:190 ]
				Function:[ engine_table_register ] calls [ ERR_put_error ] at location [ /media/newdrive/llvm3.6/Test-code/openssl-1.1.0f/crypto/engine/eng_table.c:124 ]
				Function:[ engine_table_register ] calls [ engine_unlocked_finish ] at location [ /media/newdrive/llvm3.6/Test-code/openssl-1.1.0f/crypto/engine/eng_table.c:129 ]
				Function:[ ENGINE_register_digests ] calls [ engine_table_register ] at location [ /media/newdrive/llvm3.6/Test-code/openssl-1.1.0f/crypto/engine/tb_digest.c:30 ]
				Function:[ ENGINE_register_DH ] calls [ engine_table_register ] at location [ /media/newdrive/llvm3.6/Test-code/openssl-1.1.0f/crypto/engine/tb_dh.c:28 ]
				Function:[ ENGINE_register_RSA ] calls [ engine_table_register ] at location [ /media/newdrive/llvm3.6/Test-code/openssl-1.1.0f/crypto/engine/tb_rsa.c:28 ]
				Function:[ engine_unlocked_finish ] calls [ ERR_put_error ] at location [ /media/newdrive/llvm3.6/Test-code/openssl-1.1.0f/crypto/engine/eng_init.c:69 ]
				Function:[ engine_unlocked_finish ] calls [ engine_free_util ] at location [ /media/newdrive/llvm3.6/Test-code/openssl-1.1.0f/crypto/engine/eng_init.c:68 ]
				Function:[ ENGINE_register_ciphers ] calls [ engine_table_register ] at location [ /media/newdrive/llvm3.6/Test-code/openssl-1.1.0f/crypto/engine/tb_cipher.c:30 ]
				Function:[ ENGINE_register_EC ] calls [ engine_table_register ] at location [ /media/newdrive/llvm3.6/Test-code/openssl-1.1.0f/crypto/engine/tb_eckey.c:28 ]
				Function:[ ENGINE_register_RAND ] calls [ engine_table_register ] at location [ /media/newdrive/llvm3.6/Test-code/openssl-1.1.0f/crypto/engine/tb_rand.c:28 ]
				Function:[ ENGINE_register_complete ] calls [ ENGINE_register_pkey_meths ] at location [ /media/newdrive/llvm3.6/Test-code/openssl-1.1.0f/crypto/engine/eng_fat.c:115 ]
				Function:[ ENGINE_register_complete ] calls [ ENGINE_register_DSA ] at location [ /media/newdrive/llvm3.6/Test-code/openssl-1.1.0f/crypto/engine/eng_fat.c:106 ]
				Function:[ ENGINE_register_complete ] calls [ ENGINE_register_digests ] at location [ /media/newdrive/llvm3.6/Test-code/openssl-1.1.0f/crypto/engine/eng_fat.c:101 ]
				Function:[ ENGINE_register_complete ] calls [ ENGINE_register_DH ] at location [ /media/newdrive/llvm3.6/Test-code/openssl-1.1.0f/crypto/engine/eng_fat.c:109 ]
				Function:[ ENGINE_register_complete ] calls [ ENGINE_register_RSA ] at location [ /media/newdrive/llvm3.6/Test-code/openssl-1.1.0f/crypto/engine/eng_fat.c:103 ]
				Function:[ ENGINE_register_complete ] calls [ ENGINE_register_ciphers ] at location [ /media/newdrive/llvm3.6/Test-code/openssl-1.1.0f/crypto/engine/eng_fat.c:100 ]
				Function:[ ENGINE_register_complete ] calls [ ENGINE_register_EC ] at location [ /media/newdrive/llvm3.6/Test-code/openssl-1.1.0f/crypto/engine/eng_fat.c:112 ]
				Function:[ ENGINE_register_complete ] calls [ ENGINE_register_RAND ] at location [ /media/newdrive/llvm3.6/Test-code/openssl-1.1.0f/crypto/engine/eng_fat.c:114 ]
				Function:[ ENGINE_register_all_complete ] calls [ ENGINE_get_first ] at location [ /media/newdrive/llvm3.6/Test-code/openssl-1.1.0f/crypto/engine/eng_fat.c:123 ]
				Function:[ ENGINE_register_all_complete ] calls [ ENGINE_get_next ] at location [ /media/newdrive/llvm3.6/Test-code/openssl-1.1.0f/crypto/engine/eng_fat.c:123 ]
				Function:[ ENGINE_register_all_complete ] calls [ ENGINE_register_complete ] at location [ /media/newdrive/llvm3.6/Test-code/openssl-1.1.0f/crypto/engine/eng_fat.c:125 ]
		</description>
		<line>50</line>
	</event>
	<extra>none</extra>
	<subcategory>none</subcategory>
</error>

